{"contracts/Raffle.sol":{"l":{"63":3,"64":3,"65":3,"66":3,"67":3,"68":3,"69":3,"70":3,"74":4,"75":1,"78":3,"79":0,"81":3,"83":3,"105":1,"106":1,"107":1,"108":1,"109":1,"120":1,"121":1,"122":0,"126":1,"133":1,"144":0,"153":0,"155":0,"156":0,"158":0,"159":0,"160":0,"161":0,"162":0,"163":0,"165":0,"173":5,"178":1,"182":0,"186":1,"191":0,"195":0,"199":0,"203":5,"207":0},"path":"/root/hh-fcc/BlockChain-FCC/L-9 HH-SmartContract-Lottery-Raffle/contracts/Raffle.sol","s":{"1":4,"2":3,"3":3,"4":3,"5":1,"6":1,"7":1,"8":1,"9":1,"10":1,"11":1,"12":0,"13":0,"14":0,"15":0,"16":0,"17":0,"18":5,"19":1,"20":0,"21":1,"22":0,"23":0,"24":0,"25":5,"26":0},"b":{"1":[1,3],"2":[0,3],"3":[0,1],"4":[0,0]},"f":{"1":3,"2":4,"3":1,"4":1,"5":0,"6":5,"7":1,"8":0,"9":1,"10":0,"11":0,"12":0,"13":5,"14":0},"fnMap":{"1":{"name":"constructor","line":61,"loc":{"start":{"line":61,"column":4},"end":{"line":71,"column":4}}},"2":{"name":"enterRaffle","line":73,"loc":{"start":{"line":73,"column":4},"end":{"line":85,"column":4}}},"3":{"name":"checkUpkeep","line":104,"loc":{"start":{"line":104,"column":4},"end":{"line":110,"column":4}}},"4":{"name":"performUpkeep","line":119,"loc":{"start":{"line":119,"column":4},"end":{"line":146,"column":4}}},"5":{"name":"fulfillRandomWords","line":152,"loc":{"start":{"line":152,"column":4},"end":{"line":166,"column":4}}},"6":{"name":"getEntranceFee","line":172,"loc":{"start":{"line":172,"column":4},"end":{"line":174,"column":4}}},"7":{"name":"getPlayer","line":177,"loc":{"start":{"line":177,"column":4},"end":{"line":179,"column":4}}},"8":{"name":"getRecentWinner","line":181,"loc":{"start":{"line":181,"column":4},"end":{"line":183,"column":4}}},"9":{"name":"getRaffleState","line":185,"loc":{"start":{"line":185,"column":4},"end":{"line":187,"column":4}}},"10":{"name":"getNumWords","line":190,"loc":{"start":{"line":190,"column":4},"end":{"line":192,"column":4}}},"11":{"name":"getNumberOfPlayers","line":194,"loc":{"start":{"line":194,"column":4},"end":{"line":196,"column":4}}},"12":{"name":"getLastTimeStamp","line":198,"loc":{"start":{"line":198,"column":4},"end":{"line":200,"column":4}}},"13":{"name":"getInterval","line":202,"loc":{"start":{"line":202,"column":4},"end":{"line":204,"column":4}}},"14":{"name":"getRequestConfirmations","line":206,"loc":{"start":{"line":206,"column":4},"end":{"line":208,"column":4}}}},"statementMap":{"1":{"start":{"line":74,"column":8},"end":{"line":74,"column":3336}},"2":{"start":{"line":78,"column":8},"end":{"line":78,"column":3488}},"3":{"start":{"line":81,"column":8},"end":{"line":81,"column":42}},"4":{"start":{"line":83,"column":8},"end":{"line":83,"column":38}},"5":{"start":{"line":105,"column":8},"end":{"line":105,"column":57}},"6":{"start":{"line":106,"column":8},"end":{"line":106,"column":76}},"7":{"start":{"line":107,"column":8},"end":{"line":107,"column":48}},"8":{"start":{"line":108,"column":8},"end":{"line":108,"column":53}},"9":{"start":{"line":120,"column":8},"end":{"line":120,"column":47}},"10":{"start":{"line":121,"column":8},"end":{"line":121,"column":5678}},"11":{"start":{"line":133,"column":8},"end":{"line":133,"column":6307}},"12":{"start":{"line":144,"column":8},"end":{"line":144,"column":45}},"13":{"start":{"line":153,"column":8},"end":{"line":153,"column":65}},"14":{"start":{"line":155,"column":8},"end":{"line":155,"column":63}},"15":{"start":{"line":161,"column":8},"end":{"line":161,"column":78}},"16":{"start":{"line":162,"column":8},"end":{"line":162,"column":7654}},"17":{"start":{"line":165,"column":8},"end":{"line":165,"column":39}},"18":{"start":{"line":173,"column":8},"end":{"line":173,"column":28}},"19":{"start":{"line":178,"column":8},"end":{"line":178,"column":31}},"20":{"start":{"line":182,"column":8},"end":{"line":182,"column":29}},"21":{"start":{"line":186,"column":8},"end":{"line":186,"column":28}},"22":{"start":{"line":191,"column":8},"end":{"line":191,"column":24}},"23":{"start":{"line":195,"column":8},"end":{"line":195,"column":31}},"24":{"start":{"line":199,"column":8},"end":{"line":199,"column":30}},"25":{"start":{"line":203,"column":8},"end":{"line":203,"column":25}},"26":{"start":{"line":207,"column":8},"end":{"line":207,"column":36}}},"branchMap":{"1":{"line":74,"type":"if","locations":[{"start":{"line":74,"column":8},"end":{"line":74,"column":8}},{"start":{"line":74,"column":8},"end":{"line":74,"column":8}}]},"2":{"line":78,"type":"if","locations":[{"start":{"line":78,"column":8},"end":{"line":78,"column":8}},{"start":{"line":78,"column":8},"end":{"line":78,"column":8}}]},"3":{"line":121,"type":"if","locations":[{"start":{"line":121,"column":8},"end":{"line":121,"column":8}},{"start":{"line":121,"column":8},"end":{"line":121,"column":8}}]},"4":{"line":162,"type":"if","locations":[{"start":{"line":162,"column":8},"end":{"line":162,"column":8}},{"start":{"line":162,"column":8},"end":{"line":162,"column":8}}]}}},"contracts/test/VRFCoordinatorV2Mock.sol":{"l":{},"path":"/root/hh-fcc/BlockChain-FCC/L-9 HH-SmartContract-Lottery-Raffle/contracts/test/VRFCoordinatorV2Mock.sol","s":{},"b":{},"f":{},"fnMap":{},"statementMap":{},"branchMap":{}}}